17:18:48.912 [INFO ] Type 60 [8892, h'23BD9D51CCBD420BB90A050296B84C65', h'AB846B93CD013EEFE397BFC542F3B9C2', "ECDH256", 1, [-7, h'']]
Hibernate: select onboarding0_.guid as guid1_4_0_, onboarding0_.created_on as created_2_4_0_, onboarding0_.data as data3_4_0_, onboarding0_.replacement as replacem4_4_0_, onboarding0_.to0_expiry as to5_4_0_, onboarding0_.to2_completed_on as to6_4_0_ from onboarding_voucher onboarding0_ where onboarding0_.guid=?
Hibernate: select onboarding0_.id as id1_3_0_, onboarding0_.max_message_size as max_mess2_3_0_, onboarding0_.max_serviceinfo_size as max_serv3_3_0_, onboarding0_.replacement_rvInfo as replacem4_3_0_, onboarding0_.rv_blob as rv_blob5_3_0_, onboarding0_.wait_seconds as wait_sec6_3_0_ from onboarding_config onboarding0_ where onboarding0_.id=?
Hibernate: select certificat0_.name as name1_0_0_, certificat0_.data as data2_0_0_ from certificate_data certificat0_ where certificat0_.name=?
Hibernate: insert into protocol_session (created_on, data, name) values (?, ?, ?)
17:18:49.316 [INFO ] Type 61 [h'A10126', {256: h'BCD88A6B2C0C44FB917B4500E969141A', 257: [10, 1, h'3059301306072A8648CE3D020106082A8648CE3D030107034200049E51B73E81B7303C31A6A396E55F8E00A5F6B2418BEC74992C880237858EE45595A6CED1BB61CF9AF2E1CEBB86353EEDC91A95A6753ABCA041D6BAE22B584283']}, h'8858C88618655023BD9D51CCBD420BB90A050296B84C65818582054A696C6F63616C686F7374820343191F69820C4102820245447F000001820443191F69686D6F64656C2D3031830A01585B3059301306072A8648CE3D020106082A8648CE3D0301070342000445A7488E402B4E54979DA01935F94C384C19F510B557A5B7BC581112D5881264CFBA39ADE7425FA0ADD26CCC2060E04670152718692169FACA7A0D6089125816822F5820ED28FC7A4101432D855020C9CD32D4E4F3EA1B6135343F6DAE37A53084D4414D0182055820DBD7935FFBA605172B5CE3218BEC8D32AB194E273B8A7AEBCE665A3C845329A450AB846B93CD013EEFE397BFC542F3B9C282264058560020FB1D94CB2543D1A6D0AC744E764448AC03F7E694B16538115476D874CA3CC294002050CA13525806BA60DCA897C686DD7C12535A390953BEE97ED6F2BBB854890A190010242D0A5DA7427556CFAFE5548029DA77822F5820D651950537AF68E61EE0C42CF2EAE3387517A4D698F797696776D4C7D81899F700', h'6BE9DC7F246B6B93124BAABFA944B08FD7C800A49664A27A36911958763171E760B66FB991278311E0A5CDD8CE02BE30AA66544A7B3590DDC4F6EE162590A751']
17:18:56.729 [INFO ] Type 62 [0]
Hibernate: select protocolse0_.name as name1_6_0_, protocolse0_.created_on as created_2_6_0_, protocolse0_.data as data3_6_0_ from protocol_session protocolse0_ where protocolse0_.name=?
17:18:56.760 [INFO ] Type 63 [0, [h'A10126', {}, h'84822F5820049D7FEB409E7C774377F9D2DBE31071D8AA96A6F1CB78C88E4158E5FCCAD88D822F58209CC66CFE7ADC56C0E8E5F68A6F08A85C097918AB6A56C36082A3925E32AF863FF6830A01585B3059301306072A8648CE3D020106082A8648CE3D030107034200049E51B73E81B7303C31A6A396E55F8E00A5F6B2418BEC74992C880237858EE45595A6CED1BB61CF9AF2E1CEBB86353EEDC91A95A6753ABCA041D6BAE22B584283', h'3BF838C7B58E6C46E3211437300CCA1356F1BAF585F4503635CBA757D8C5398B7ACBD439D6667696E2121DA17BD5B967CDBCB130F3A5DF42683B89B3207F5BA7']]
17:18:58.160 [INFO ] Type 64 [h'A10126', {-259: h'E83DB33D46F7D12B6402557DB2488DAE'}, h'A30B510123BD9D51CCBD420BB90A050296B84C650A50BCD88A6B2C0C44FB917B4500E969141A390100815856002049BE4BE47B82184AC6052B9BEA95AE67906E113815BBA865810BF1F147C301A50020AC18338C004DFD4085075FE317741E68A90ECEAA482F8BEA8494CE06BD5422BD001099D31DC10D19FBCBA19A6F993F9BDE07', h'8903BAEB2456942E3F5367952AFB714BEC1A1BF6B65F53DDD191F0169F445BAF7D1C8B9A94A4A4E578EF4C81F64241779DE2172639CA44C6E464F385DCA63B58']
Hibernate: select protocolse0_.name as name1_6_0_, protocolse0_.created_on as created_2_6_0_, protocolse0_.data as data3_6_0_ from protocol_session protocolse0_ where protocolse0_.name=?
Hibernate: select certificat0_.name as name1_0_0_, certificat0_.data as data2_0_0_ from certificate_data certificat0_ where certificat0_.name=?
Hibernate: insert into certificate_data (data, name) values (?, ?)
Hibernate: select certificat0_.id as id1_1_0_, certificat0_.days as days2_1_0_ from certificate_validity certificat0_ where certificat0_.id=?
Hibernate: select certificat0_.id as id1_1_0_, certificat0_.days as days2_1_0_ from certificate_validity certificat0_ where certificat0_.id=?
Hibernate: select certificat0_.id as id1_1_0_, certificat0_.days as days2_1_0_ from certificate_validity certificat0_ where certificat0_.id=?
Hibernate: select certificat0_.id as id1_1_0_, certificat0_.days as days2_1_0_ from certificate_validity certificat0_ where certificat0_.id=?
Hibernate: select certificat0_.id as id1_1_0_, certificat0_.days as days2_1_0_ from certificate_validity certificat0_ where certificat0_.id=?
Hibernate: select certificat0_.name as name1_0_0_, certificat0_.data as data2_0_0_ from certificate_data certificat0_ where certificat0_.name=?
Hibernate: update certificate_data set data=? where name=?
Hibernate: select certificat0_.name as name1_0_0_, certificat0_.data as data2_0_0_ from certificate_data certificat0_ where certificat0_.name=?
Hibernate: select certificat0_.name as name1_0_0_, certificat0_.data as data2_0_0_ from certificate_data certificat0_ where certificat0_.name=?
Hibernate: update protocol_session set created_on=?, data=? where name=?
17:19:09.535 [INFO ] Type 65 [h'A10101', {5: h'B8EB92F99E7558B8F86EE352'}, h'21B2BCE6528BD60C436965D82B1DA803A7960561026444647AC49E4ABA0C5FF2214F702E7BE232FE0D2E94A8A9F488B3A78B199B7323B420C9DF8C92E24C3DF86B94573F60BBAAB54F2B9CD70CD5870E4BF97DA0D915D11F9B1AF88BA756328B2CCB98E26B838E2203B66322DCF15B96A030E0C22C963C61A5B129643AE3A9ADC15E95009E665804419FD9A7A674EE92F0C82641A1D9DCB747557241A3507D7228AFB4424D281E6DEC6A6BEDDDAF51494B61746EEC86EB83649F52B68ECD23C9BBFF5ABC6FC4F0649D59EA8EC50C5EEB472A9E744B46599A23D4A9F13FA17030EFC4CB69573CF29D9086CC29894A48AD88DF75BB1DEFDEAD752BC4255C2B245E0ACD8478D2']
17:19:24.349 [INFO ] Type 66 [h'A10101', {5: h'EBFFCC4006460DCE6B10B735'}, h'96BE56FC098A619D78201E53D0763A1FAD7A13B3ACEC2231A3D5C087425484DB139541B806C19F372DAEA00498A592B5028E360BBA81C7DC']
Hibernate: select protocolse0_.name as name1_6_0_, protocolse0_.created_on as created_2_6_0_, protocolse0_.data as data3_6_0_ from protocol_session protocolse0_ where protocolse0_.name=?
Hibernate: select onboarding0_.id as id1_3_0_, onboarding0_.max_message_size as max_mess2_3_0_, onboarding0_.max_serviceinfo_size as max_serv3_3_0_, onboarding0_.replacement_rvInfo as replacem4_3_0_, onboarding0_.rv_blob as rv_blob5_3_0_, onboarding0_.wait_seconds as wait_sec6_3_0_ from onboarding_config onboarding0_ where onboarding0_.id=?
Hibernate: update protocol_session set created_on=?, data=? where name=?
17:19:24.422 [INFO ] Type 67 [h'A10101', {5: h'2A4D562DBE590525E9C5994E'}, h'64B88B1EBD289FA6B2849F0FC9569474B6F6']
17:19:24.499 [INFO ] Type 68 [h'A10101', {5: h'6EFD6787D9F452FCBD8653B3'}, h'AF2CA5020C9F9B4DCEC3A35CFA09E9A5169D2A6765CD05332B5628102972B8886CDF4951E0DEC80C12462AC12D94CA6736D71048E509DAB80D28ADDB4970816B1B6C028A49192BC4121914D28E5B37D66F3DC9FEC876F5545506E2ED99DBFDBD7CE6C9947A1A1AA88C94BF8CBC7B822ECC3D662288144A829E1E7E0DA429081B0F27800704FC8AC475E290D710D2D6E3DCA97C3B2C3F50E1B7429B5B3261BE95E17D60386691AC34490410F370F60C755BB4A3D15A4A7C6C2ED3F2A515B7A2C615F4B25EE7CC3007644D1B8F2995EC24AE12A2B751263CB010742AA93F4480C0A17B56A406F92CED2EF9']
Hibernate: select protocolse0_.name as name1_6_0_, protocolse0_.created_on as created_2_6_0_, protocolse0_.data as data3_6_0_ from protocol_session protocolse0_ where protocolse0_.name=?
Hibernate: update protocol_session set created_on=?, data=? where name=?
17:19:24.555 [INFO ] Type 69 [h'A10101', {5: h'1CD1B4197887471EE3F74E57'}, h'796C179EF5DC60186FAD70A35063521BB9453BE6']
17:19:24.628 [INFO ] Type 68 [h'A10101', {5: h'16FFA6341897E11D63B846F3'}, h'5502473075BBF362A11ADBFC4C16CD727A4476FBFDA1FFE3BCF3622BF3354804870E99D4038D40C01F6DEAC5680783702C7C98AC6152BD73568BD43F240CD297C1DE95FB7FB744A7B7593C1177862F13C995C26AC66D39C6106A60AF0176C6341284CEE6DDF1385447EDB132DD4DC5929E10874F7715BE8B112B']
Hibernate: select protocolse0_.name as name1_6_0_, protocolse0_.created_on as created_2_6_0_, protocolse0_.data as data3_6_0_ from protocol_session protocolse0_ where protocolse0_.name=?
Hibernate: select systempack0_.id as id1_7_0_, systempack0_.data as data2_7_0_ from system_package systempack0_ where systempack0_.id=?
Hibernate: select systemreso0_.name as name1_8_0_, systemreso0_.data as data2_8_0_ from system_resource systemreso0_ where systemreso0_.name=?
Hibernate: update protocol_session set created_on=?, data=? where name=?
17:19:24.676 [INFO ] Type 69 [h'A10101', {5: h'694C0CAD99E5FB1B5C95BFA2'}, h'2CA79A2B0E5BCA425A637C65D6687657C33A876985775A9373ADB19BDF59EF71A71B88F152629DBBDF5A62474422EF6DAF60C621B18E61AF9330728E6C8A3A6698A12830A62ED9DB857B196522A22D735FC939D70516D2D5331C74E71DBB88A4F98703F10C4FF9F14F6AC7E100C06D024D8846D8A8EFEB93526B83FB958B507317A8624B953820CD278B374BB8']
17:19:36.052 [INFO ] Type 70 [h'A10101', {5: h'22BBBC1E8E1954FD954E9E63'}, h'84F7F8956203C6DAF15D73503C71116CFEEFDEF06FB6F194D9E85840A04D9473DF77']
Hibernate: select protocolse0_.name as name1_6_0_, protocolse0_.created_on as created_2_6_0_, protocolse0_.data as data3_6_0_ from protocol_session protocolse0_ where protocolse0_.name=?
Hibernate: select onboarding0_.guid as guid1_4_0_, onboarding0_.created_on as created_2_4_0_, onboarding0_.data as data3_4_0_, onboarding0_.replacement as replacem4_4_0_, onboarding0_.to0_expiry as to5_4_0_, onboarding0_.to2_completed_on as to6_4_0_ from onboarding_voucher onboarding0_ where onboarding0_.guid=?
Hibernate: update onboarding_voucher set created_on=?, data=?, replacement=?, to0_expiry=?, to2_completed_on=? where guid=?
Hibernate: select protocolse0_.name as name1_6_0_, protocolse0_.created_on as created_2_6_0_, protocolse0_.data as data3_6_0_ from protocol_session protocolse0_ where protocolse0_.name=?
Hibernate: delete from protocol_session where name=?
17:19:36.098 [INFO ] Type 71 [h'A10101', {5: h'B2AA2408409BD03A482DF1D7'}, h'7BC3A303F94B25CFD1897BE30A72BBA014CC81EDDD7FDCB3C365E793B3D9B0B6AF72']
Hibernate: select onboarding0_.guid as guid1_4_, onboarding0_.created_on as created_2_4_, onboarding0_.data as data3_4_, onboarding0_.replacement as replacem4_4_, onboarding0_.to0_expiry as to5_4_, onboarding0_.to2_completed_on as to6_4_ from onboarding_voucher onboarding0_
Hibernate: select onboarding0_.id as id1_3_0_, onboarding0_.max_message_size as max_mess2_3_0_, onboarding0_.max_serviceinfo_size as max_serv3_3_0_, onboarding0_.replacement_rvInfo as replacem4_3_0_, onboarding0_.rv_blob as rv_blob5_3_0_, onboarding0_.wait_seconds as wait_sec6_3_0_ from onboarding_config onboarding0_ where onboarding0_.id=?
Hibernate: select onboarding0_.id as id1_3_0_, onboarding0_.max_message_size as max_mess2_3_0_, onboarding0_.max_serviceinfo_size as max_serv3_3_0_, onboarding0_.replacement_rvInfo as replacem4_3_0_, onboarding0_.rv_blob as rv_blob5_3_0_, onboarding0_.wait_seconds as wait_sec6_3_0_ from onboarding_config onboarding0_ where onboarding0_.id=?