14:24:14.214 [INFO ] Type 60 [8892, h'F09CFF3B6D844C18B5133B6B8DD5F979', h'9538064044E677F3F4236531208C1B17', "ECDH256", 1, [-7, h'']]
Hibernate: select onboarding0_.guid as guid1_4_0_, onboarding0_.created_on as created_2_4_0_, onboarding0_.data as data3_4_0_, onboarding0_.replacement as replacem4_4_0_, onboarding0_.to0_expiry as to5_4_0_, onboarding0_.to2_completed_on as to6_4_0_ from onboarding_voucher onboarding0_ where onboarding0_.guid=?
Hibernate: select onboarding0_.id as id1_3_0_, onboarding0_.max_message_size as max_mess2_3_0_, onboarding0_.max_serviceinfo_size as max_serv3_3_0_, onboarding0_.replacement_rvInfo as replacem4_3_0_, onboarding0_.rv_blob as rv_blob5_3_0_, onboarding0_.wait_seconds as wait_sec6_3_0_ from onboarding_config onboarding0_ where onboarding0_.id=?
Hibernate: select certificat0_.name as name1_0_0_, certificat0_.data as data2_0_0_ from certificate_data certificat0_ where certificat0_.name=?
Hibernate: insert into protocol_session (created_on, data, name) values (?, ?, ?)
14:24:14.601 [INFO ] Type 61 [h'A10126', {256: h'AF1C7E6DEB254240B9CED15FC78976DE', 257: [10, 1, h'3059301306072A8648CE3D020106082A8648CE3D03010703420004984CED65DDE6E522DAA3597D377B5696275AA86BE231551F45223052D0C92013D481AB6F00A46C08B4CA50FB929F4CFE6F48153F6216A00BACC4E28568DCF103']}, h'8858C886186550F09CFF3B6D844C18B5133B6B8DD5F979818582054A696C6F63616C686F7374820343191F69820C4102820245447F000001820443191F69686D6F64656C2D3031830A01585B3059301306072A8648CE3D020106082A8648CE3D0301070342000430353D6C7F0F9EF503E04657A8650E5F7CE51942BAB5124D346FCA26000103109B9270336B151F98795023F79C77798C5BC1612FC1E1821476B196E3D180E733822F582077FC81164A8066F1578EC1FCAA2E22C74DD8FE96C102026716A8ACA62E387ECB0182055820FAB5A96962C3D4834CB0766C1DA880FECBE1D7FAD5C3AC828DF992E703200787509538064044E677F3F4236531208C1B1782264058560020ADC430F37CA2BBED698DF11A03FF4369A5551E4257DBDD4CA4AB318C9F7F1DA100208CD5AA6502A8D5AB5C25CFC06E6220F17AAD2BC75BD3E8A029A560B79F81B3A500108D46BBCD69A38D55A6BA48C6AE085DA3822F58202335CEDAE674EF4D1A9766300F37607AC0D7BA71184ACB30EE78015301E31C6100', h'61DEB5CB2F00FD20B00AE30D33ED1C3B9CD534AC92224645C6932817296E215BCB7B09F49463F24D3AF169FA1F1A8B7DC890583890E104C31267BDFFC551F066']
14:24:22.025 [INFO ] Type 62 [0]
Hibernate: select protocolse0_.name as name1_6_0_, protocolse0_.created_on as created_2_6_0_, protocolse0_.data as data3_6_0_ from protocol_session protocolse0_ where protocolse0_.name=?
14:24:22.054 [INFO ] Type 63 [0, [h'A10126', {}, h'84822F58208DD22B7263469C9EE58BAF6C13840011C2324F33781C8D3FC860FC33C200744F822F582067048FAAFB76624C1D84E75627BB12097581C5BBD6E88F9969394E8EF9827779F6830A01585B3059301306072A8648CE3D020106082A8648CE3D03010703420004984CED65DDE6E522DAA3597D377B5696275AA86BE231551F45223052D0C92013D481AB6F00A46C08B4CA50FB929F4CFE6F48153F6216A00BACC4E28568DCF103', h'AA463FF5EF9A4EA5EC05BA58AD4ECE05E74076844C90E13986E2DF6AD160079639B12F535BD42AC7D75C8EC6115C2913C2AF0388BD4A55140C60DD5ED781C5E6']]
14:24:23.452 [INFO ] Type 64 [h'A10126', {-259: h'D110C1613A873CC1EC907F72FA0A1DD7'}, h'A30B5101F09CFF3B6D844C18B5133B6B8DD5F9790A50AF1C7E6DEB254240B9CED15FC78976DE39010081585600206C26020EB8C86CA2E64DDA1A950268B04EA6770BF500C8D6B67C34B904ECD1BA00205275E1FB31894D544F4E7EE6EA840E82982EBC7A00CEA322AFBABE52C12762870010A8E1ADFF396CE1B319AAE6FF81BF1F31', h'F632ED1AC5494D61F79A7ADB9401877EF3232F62C36E1C48361F7FD3F02A9F93A70AD94134F37318AD82E5D703E5AE499D21084F8A20CEAE1E8F7D9F783DF734']
Hibernate: select protocolse0_.name as name1_6_0_, protocolse0_.created_on as created_2_6_0_, protocolse0_.data as data3_6_0_ from protocol_session protocolse0_ where protocolse0_.name=?
Hibernate: select certificat0_.name as name1_0_0_, certificat0_.data as data2_0_0_ from certificate_data certificat0_ where certificat0_.name=?
Hibernate: insert into certificate_data (data, name) values (?, ?)
Hibernate: select certificat0_.id as id1_1_0_, certificat0_.days as days2_1_0_ from certificate_validity certificat0_ where certificat0_.id=?
Hibernate: select certificat0_.id as id1_1_0_, certificat0_.days as days2_1_0_ from certificate_validity certificat0_ where certificat0_.id=?
Hibernate: select certificat0_.id as id1_1_0_, certificat0_.days as days2_1_0_ from certificate_validity certificat0_ where certificat0_.id=?
Hibernate: select certificat0_.id as id1_1_0_, certificat0_.days as days2_1_0_ from certificate_validity certificat0_ where certificat0_.id=?
Hibernate: select certificat0_.id as id1_1_0_, certificat0_.days as days2_1_0_ from certificate_validity certificat0_ where certificat0_.id=?
Hibernate: select certificat0_.name as name1_0_0_, certificat0_.data as data2_0_0_ from certificate_data certificat0_ where certificat0_.name=?
Hibernate: update certificate_data set data=? where name=?
Hibernate: select certificat0_.name as name1_0_0_, certificat0_.data as data2_0_0_ from certificate_data certificat0_ where certificat0_.name=?
Hibernate: select certificat0_.name as name1_0_0_, certificat0_.data as data2_0_0_ from certificate_data certificat0_ where certificat0_.name=?
Hibernate: update protocol_session set created_on=?, data=? where name=?
14:24:31.313 [INFO ] Type 65 [h'A10101', {5: h'CEA58F1EC7235B7AE0835453'}, h'75DE5854FC9DD6AD3D33265FA62F4110D514759E683077B5E6B3D861157319894CD18D204E8D284D9D24B7B48FAEBDF93FB73CAA5ABB973A257468B6C3A8D59B63D5C8C3FB53928D28D0A3774F0645F71BD138688B71C2F42FC1EB332BDC91E94A7DE5A0C3696D12AE47E3CE867244FBE464BDAD3CAD0787676A6094EBC44C09EAD591E50B2A5C70D04829DF1A4E0F90B66E9BBB266423BEF60DD0355B7FE90AB215D8A4B7FA8170758CDD1F03659D1DD54C3627B076A1DA676C362AEF299EEBDC668A99E9EBF31FD72CE79DD7D7F7CDEB88193790D2094CD62F68EA8B5528285A4E535931729A76A6F6023743DE82A783124419CB7B2CBCBFA90BBB9512E485811D5D3E1E']
14:24:42.598 [INFO ] Type 66 [h'A10101', {5: h'FC3214DD364B526A969019BC'}, h'B809AF8C26DBC060C7345482A523E9F1C345B257C47DEB1DA995FB3523309D77413FF3906F23ED53AB960010A01E1C8180ABD80E4CC5FFB9']
Hibernate: select protocolse0_.name as name1_6_0_, protocolse0_.created_on as created_2_6_0_, protocolse0_.data as data3_6_0_ from protocol_session protocolse0_ where protocolse0_.name=?
Hibernate: select onboarding0_.id as id1_3_0_, onboarding0_.max_message_size as max_mess2_3_0_, onboarding0_.max_serviceinfo_size as max_serv3_3_0_, onboarding0_.replacement_rvInfo as replacem4_3_0_, onboarding0_.rv_blob as rv_blob5_3_0_, onboarding0_.wait_seconds as wait_sec6_3_0_ from onboarding_config onboarding0_ where onboarding0_.id=?
Hibernate: update protocol_session set created_on=?, data=? where name=?
14:24:42.664 [INFO ] Type 67 [h'A10101', {5: h'37CAD7702F34B8C6AF2B9573'}, h'570BF3A807DCEE54B2B9CB0BF58F3AF88958']
14:24:42.744 [INFO ] Type 68 [h'A10101', {5: h'C7E09BD0D73780A98C4E2D43'}, h'0184BB73EE64EC90586EEB8942CCA0C8EFB997EF8A3FF5E21694F5CFE25B6945CD47FFA8D71EA0B4DD40D9B1CFCAA5D888899030905DAAC2CA3D90339F17AE4CA4BDEDA991414D629D067865A31D5CC521878E7E8A9BCF760C706B59E7B42BF84E8B5F883550B9D4D7CA889815E1A7895D84607F4CBA8C0ECB729717815C7D8AA939AB1987C1F5DEFE69D4B3FB21F10E6E42255839C1BE7AA90DBD1FA1E657E9B2CEB9FC605C3A399FC406BEDF89E8B4FBE35876CF94A609D7287E878E8312694938CE66AE55E64813E5348C7F1CE4730313E80B3E57C0A7D0A1989600F39201AD6663ED33F34D49969E']
Hibernate: select protocolse0_.name as name1_6_0_, protocolse0_.created_on as created_2_6_0_, protocolse0_.data as data3_6_0_ from protocol_session protocolse0_ where protocolse0_.name=?
Hibernate: update protocol_session set created_on=?, data=? where name=?
14:24:42.807 [INFO ] Type 69 [h'A10101', {5: h'6F5E3E2316E8BAC5218479E2'}, h'FEBB9C0775FE78BCC138DC640EFA2CD761C632FF']
14:24:42.888 [INFO ] Type 68 [h'A10101', {5: h'956E188A1391EDB1560E70CC'}, h'8DCF1CC38EDA7819AECEB316F1C3C260739C024552B0BFFD5F80308392185EC1F25FAF3CDD43AD0702A5EDA771FE2CEB1400066EBE5313CA8B910B2A37425BF85DD06644FC4092951C4FF535A49EBE0C1127C16312A69634645DC0E0FFD15492F081053E09A172BCF61EDE78FF7B419BA2195C309E64DBFB7FB7']
Hibernate: select protocolse0_.name as name1_6_0_, protocolse0_.created_on as created_2_6_0_, protocolse0_.data as data3_6_0_ from protocol_session protocolse0_ where protocolse0_.name=?
Hibernate: select systempack0_.id as id1_7_0_, systempack0_.data as data2_7_0_ from system_package systempack0_ where systempack0_.id=?
Hibernate: update protocol_session set created_on=?, data=? where name=?
14:24:42.931 [INFO ] Type 69 [h'A10101', {5: h'B630665086BF99A54496E8FD'}, h'070A8ABAD273E84EF37C0D9A9F141F1F7BD5B0E07DDCBDC187088F95C8506256896BDA7367EF']
14:24:53.616 [INFO ] Type 70 [h'A10101', {5: h'1CD7AAB0C5BA99A8CE42F39A'}, h'20B27437F02E5BCE569146DAEF6AD93B29E5797AC9B01BCCA29C404E3F8FA3378717']
Hibernate: select protocolse0_.name as name1_6_0_, protocolse0_.created_on as created_2_6_0_, protocolse0_.data as data3_6_0_ from protocol_session protocolse0_ where protocolse0_.name=?
Hibernate: select onboarding0_.guid as guid1_4_0_, onboarding0_.created_on as created_2_4_0_, onboarding0_.data as data3_4_0_, onboarding0_.replacement as replacem4_4_0_, onboarding0_.to0_expiry as to5_4_0_, onboarding0_.to2_completed_on as to6_4_0_ from onboarding_voucher onboarding0_ where onboarding0_.guid=?
Hibernate: update onboarding_voucher set created_on=?, data=?, replacement=?, to0_expiry=?, to2_completed_on=? where guid=?
Hibernate: select protocolse0_.name as name1_6_0_, protocolse0_.created_on as created_2_6_0_, protocolse0_.data as data3_6_0_ from protocol_session protocolse0_ where protocolse0_.name=?
Hibernate: delete from protocol_session where name=?
14:24:53.661 [INFO ] Type 71 [h'A10101', {5: h'82419C96B4773623AE319A7E'}, h'A1EF56774BD5CE74DBE07645F70921DCB175BF409B496BF78B1B516E3CF6E0F8EDDB']
Hibernate: select onboarding0_.guid as guid1_4_, onboarding0_.created_on as created_2_4_, onboarding0_.data as data3_4_, onboarding0_.replacement as replacem4_4_, onboarding0_.to0_expiry as to5_4_, onboarding0_.to2_completed_on as to6_4_ from onboarding_voucher onboarding0_
Hibernate: select onboarding0_.id as id1_3_0_, onboarding0_.max_message_size as max_mess2_3_0_, onboarding0_.max_serviceinfo_size as max_serv3_3_0_, onboarding0_.replacement_rvInfo as replacem4_3_0_, onboarding0_.rv_blob as rv_blob5_3_0_, onboarding0_.wait_seconds as wait_sec6_3_0_ from onboarding_config onboarding0_ where onboarding0_.id=?
Hibernate: select onboarding0_.id as id1_3_0_, onboarding0_.max_message_size as max_mess2_3_0_, onboarding0_.max_serviceinfo_size as max_serv3_3_0_, onboarding0_.replacement_rvInfo as replacem4_3_0_, onboarding0_.rv_blob as rv_blob5_3_0_, onboarding0_.wait_seconds as wait_sec6_3_0_ from onboarding_config onboarding0_ where onboarding0_.id=?